Determining if the pthread_create exist failed with the following output:
Change Dir: /home/cs18/Desktop/Assignment8/build/CMakeFiles/CMakeTmp

Run Build Command:"/usr/bin/make" "cmTC_4a745/fast"
/usr/bin/make -f CMakeFiles/cmTC_4a745.dir/build.make CMakeFiles/cmTC_4a745.dir/build
make[1]: Entering directory '/home/cs18/Desktop/Assignment8/build/CMakeFiles/CMakeTmp'
Building C object CMakeFiles/cmTC_4a745.dir/CheckSymbolExists.c.o
/usr/bin/cc    -o CMakeFiles/cmTC_4a745.dir/CheckSymbolExists.c.o   -c /home/cs18/Desktop/Assignment8/build/CMakeFiles/CMakeTmp/CheckSymbolExists.c
Linking C executable cmTC_4a745
/usr/bin/cmake -E cmake_link_script CMakeFiles/cmTC_4a745.dir/link.txt --verbose=1
/usr/bin/cc      -rdynamic CMakeFiles/cmTC_4a745.dir/CheckSymbolExists.c.o  -o cmTC_4a745 
CMakeFiles/cmTC_4a745.dir/CheckSymbolExists.c.o: In function `main':
CheckSymbolExists.c:(.text+0x1b): undefined reference to `pthread_create'
collect2: error: ld returned 1 exit status
CMakeFiles/cmTC_4a745.dir/build.make:97: recipe for target 'cmTC_4a745' failed
make[1]: *** [cmTC_4a745] Error 1
make[1]: Leaving directory '/home/cs18/Desktop/Assignment8/build/CMakeFiles/CMakeTmp'
Makefile:126: recipe for target 'cmTC_4a745/fast' failed
make: *** [cmTC_4a745/fast] Error 2

File /home/cs18/Desktop/Assignment8/build/CMakeFiles/CMakeTmp/CheckSymbolExists.c:
/* */
#include <pthread.h>

int main(int argc, char** argv)
{
  (void)argv;
#ifndef pthread_create
  return ((int*)(&pthread_create))[argc];
#else
  (void)argc;
  return 0;
#endif
}

Determining if the function pthread_create exists in the pthreads failed with the following output:
Change Dir: /home/cs18/Desktop/Assignment8/build/CMakeFiles/CMakeTmp

Run Build Command:"/usr/bin/make" "cmTC_052ff/fast"
/usr/bin/make -f CMakeFiles/cmTC_052ff.dir/build.make CMakeFiles/cmTC_052ff.dir/build
make[1]: Entering directory '/home/cs18/Desktop/Assignment8/build/CMakeFiles/CMakeTmp'
Building C object CMakeFiles/cmTC_052ff.dir/CheckFunctionExists.c.o
/usr/bin/cc   -DCHECK_FUNCTION_EXISTS=pthread_create   -o CMakeFiles/cmTC_052ff.dir/CheckFunctionExists.c.o   -c /usr/share/cmake-3.10/Modules/CheckFunctionExists.c
Linking C executable cmTC_052ff
/usr/bin/cmake -E cmake_link_script CMakeFiles/cmTC_052ff.dir/link.txt --verbose=1
/usr/bin/cc  -DCHECK_FUNCTION_EXISTS=pthread_create    -rdynamic CMakeFiles/cmTC_052ff.dir/CheckFunctionExists.c.o  -o cmTC_052ff -lpthreads 
/usr/bin/ld: cannot find -lpthreads
collect2: error: ld returned 1 exit status
CMakeFiles/cmTC_052ff.dir/build.make:97: recipe for target 'cmTC_052ff' failed
make[1]: *** [cmTC_052ff] Error 1
make[1]: Leaving directory '/home/cs18/Desktop/Assignment8/build/CMakeFiles/CMakeTmp'
Makefile:126: recipe for target 'cmTC_052ff/fast' failed
make: *** [cmTC_052ff/fast] Error 2


Determining if the function glXGetProcAddressEXT exists failed with the following output:
Change Dir: /home/cs18/Desktop/Assignment8/build/CMakeFiles/CMakeTmp

Run Build Command:"/usr/bin/make" "cmTC_45842/fast"
/usr/bin/make -f CMakeFiles/cmTC_45842.dir/build.make CMakeFiles/cmTC_45842.dir/build
make[1]: Entering directory '/home/cs18/Desktop/Assignment8/build/CMakeFiles/CMakeTmp'
Building C object CMakeFiles/cmTC_45842.dir/CheckFunctionExists.c.o
/usr/bin/cc   -DCHECK_FUNCTION_EXISTS=glXGetProcAddressEXT   -o CMakeFiles/cmTC_45842.dir/CheckFunctionExists.c.o   -c /usr/share/cmake-3.10/Modules/CheckFunctionExists.c
Linking C executable cmTC_45842
/usr/bin/cmake -E cmake_link_script CMakeFiles/cmTC_45842.dir/link.txt --verbose=1
/usr/bin/cc  -DCHECK_FUNCTION_EXISTS=glXGetProcAddressEXT    -rdynamic CMakeFiles/cmTC_45842.dir/CheckFunctionExists.c.o  -o cmTC_45842 /usr/lib/x86_64-linux-gnu/libGL.so 
CMakeFiles/cmTC_45842.dir/CheckFunctionExists.c.o: In function `main':
CheckFunctionExists.c:(.text+0x10): undefined reference to `glXGetProcAddressEXT'
collect2: error: ld returned 1 exit status
CMakeFiles/cmTC_45842.dir/build.make:98: recipe for target 'cmTC_45842' failed
make[1]: *** [cmTC_45842] Error 1
make[1]: Leaving directory '/home/cs18/Desktop/Assignment8/build/CMakeFiles/CMakeTmp'
Makefile:126: recipe for target 'cmTC_45842/fast' failed
make: *** [cmTC_45842/fast] Error 2


